GROUP,PACKAGE,CLASS,INSTRUCTION_MISSED,INSTRUCTION_COVERED,BRANCH_MISSED,BRANCH_COVERED,LINE_MISSED,LINE_COVERED,COMPLEXITY_MISSED,COMPLEXITY_COVERED,METHOD_MISSED,METHOD_COVERED
Assignment for class CS5004,edu.neu.ccs.cs5004.lab3.shapes,Rectangle,52,73,4,4,5,15,6,5,2,5
Assignment for class CS5004,edu.neu.ccs.cs5004.lab3.shapes,AbstractShape,24,6,4,0,8,3,4,1,2,1
Assignment for class CS5004,edu.neu.ccs.cs5004.lab3.shapes,Point2D,0,28,0,0,0,7,0,4,0,4
Assignment for class CS5004,edu.neu.ccs.cs5004.lab3.shapes,Circle,75,0,0,0,11,0,6,0,6,0
